2025-04-02 19:06:23,114 - INFO - starting data ingestion pipeline...
2025-04-02 19:06:23,114 - INFO - source database URL: jdbc:sqlite:./../data/ecommerce.db
2025-04-02 19:06:23,114 - INFO - source database name: main
2025-04-02 19:06:23,114 - INFO - source table name: user
2025-04-02 19:06:23,114 - INFO - target database name: ingestion
2025-04-02 19:06:23,114 - INFO - target table name: user
2025-04-02 19:06:23,114 - INFO - getting last ingested datetime...
2025-04-02 19:06:34,744 - INFO - last ingested datetime: 1970-01-01 00:00:00
2025-04-02 19:06:34,744 - INFO - creating SQL query...
2025-04-02 19:06:34,744 - INFO - SQL query: SELECT * FROM "main"."user" WHERE creation_date > '1970-01-01 00:00:00'
2025-04-02 19:06:34,744 - INFO - reading source data...
2025-04-02 19:06:35,437 - INFO - source data count: 13
2025-04-02 19:06:35,437 - INFO - creating partition column with current datetime: 2025-04-02 19:06:23.114234
2025-04-02 19:06:35,827 - INFO - writing data to target table...
2025-04-02 19:06:38,902 - INFO - data written successfully
2025-04-02 19:06:38,902 - INFO - Closing down clientserver connection
2025-04-02 19:06:45,764 - INFO - starting data ingestion pipeline...
2025-04-02 19:06:45,764 - INFO - source database URL: jdbc:sqlite:./../data/ecommerce.db
2025-04-02 19:06:45,764 - INFO - source database name: main
2025-04-02 19:06:45,764 - INFO - source table name: product
2025-04-02 19:06:45,764 - INFO - target database name: ingestion
2025-04-02 19:06:45,764 - INFO - target table name: product
2025-04-02 19:06:45,764 - INFO - getting last ingested datetime...
2025-04-02 19:06:57,968 - INFO - last ingested datetime: 1970-01-01 00:00:00
2025-04-02 19:06:57,968 - INFO - creating SQL query...
2025-04-02 19:06:57,968 - INFO - SQL query: SELECT * FROM "main"."product" WHERE creation_date > '1970-01-01 00:00:00'
2025-04-02 19:06:57,968 - INFO - reading source data...
2025-04-02 19:06:59,060 - INFO - source data count: 26
2025-04-02 19:06:59,060 - INFO - creating partition column with current datetime: 2025-04-02 19:06:45.764105
2025-04-02 19:06:59,551 - INFO - writing data to target table...
2025-04-02 19:07:02,763 - INFO - data written successfully
2025-04-02 19:07:02,763 - INFO - Closing down clientserver connection
2025-04-02 19:07:09,070 - INFO - starting data ingestion pipeline...
2025-04-02 19:07:09,071 - INFO - source database URL: jdbc:sqlite:./../data/ecommerce.db
2025-04-02 19:07:09,071 - INFO - source database name: main
2025-04-02 19:07:09,071 - INFO - source table name: order
2025-04-02 19:07:09,071 - INFO - target database name: ingestion
2025-04-02 19:07:09,071 - INFO - target table name: order
2025-04-02 19:07:09,071 - INFO - getting last ingested datetime...
2025-04-02 19:07:20,845 - INFO - last ingested datetime: 1970-01-01 00:00:00
2025-04-02 19:07:20,846 - INFO - creating SQL query...
2025-04-02 19:07:20,846 - INFO - SQL query: SELECT * FROM "main"."order" WHERE creation_date > '1970-01-01 00:00:00'
2025-04-02 19:07:20,846 - INFO - reading source data...
2025-04-02 19:07:21,691 - INFO - source data count: 3753
2025-04-02 19:07:21,691 - INFO - creating partition column with current datetime: 2025-04-02 19:07:09.070910
2025-04-02 19:07:22,064 - INFO - writing data to target table...
2025-04-02 19:07:25,538 - INFO - data written successfully
2025-04-02 19:07:25,538 - INFO - Closing down clientserver connection
2025-04-02 19:07:31,895 - INFO - starting data ingestion pipeline...
2025-04-02 19:07:31,895 - INFO - source database URL: jdbc:sqlite:./../data/ecommerce.db
2025-04-02 19:07:31,895 - INFO - source database name: main
2025-04-02 19:07:31,895 - INFO - source table name: order_item
2025-04-02 19:07:31,895 - INFO - target database name: ingestion
2025-04-02 19:07:31,895 - INFO - target table name: order_item
2025-04-02 19:07:31,895 - INFO - getting last ingested datetime...
2025-04-02 19:07:42,710 - INFO - last ingested datetime: 1970-01-01 00:00:00
2025-04-02 19:07:42,710 - INFO - creating SQL query...
2025-04-02 19:07:42,710 - INFO - SQL query: SELECT * FROM "main"."order_item" WHERE creation_date > '1970-01-01 00:00:00'
2025-04-02 19:07:42,710 - INFO - reading source data...
2025-04-02 19:07:43,579 - INFO - source data count: 9354
2025-04-02 19:07:43,579 - INFO - creating partition column with current datetime: 2025-04-02 19:07:31.895161
2025-04-02 19:07:43,969 - INFO - writing data to target table...
2025-04-02 19:07:47,612 - INFO - data written successfully
2025-04-02 19:07:47,613 - INFO - Closing down clientserver connection
